<?xml version="1.0" encoding="UTF-8"?>
<!-- Generated by org.testng.reporters.JUnitReportReporter -->
<testsuite hostname="DESKTOP-MPCJN7K" failures="0" tests="5" name="TestNGSessions.DatProviderConcept" time="0.000" errors="1" timestamp="06 Jun 2021 04:20:15 GMT" skipped="4">
  <testcase classname="TestNGSessions.DatProviderConcept" name="loginTest" time="0.000">
    <skipped/>
  </testcase> <!-- loginTest -->
  <testcase classname="TestNGSessions.DatProviderConcept" name="loginTest" time="0.000">
    <skipped/>
  </testcase> <!-- loginTest -->
  <testcase classname="TestNGSessions.DatProviderConcept" name="loginTest" time="0.000">
    <skipped/>
  </testcase> <!-- loginTest -->
  <testcase classname="TestNGSessions.DatProviderConcept" name="loginTest" time="0.000">
    <skipped/>
  </testcase> <!-- loginTest -->
  <testcase classname="TestNGSessions.DatProviderConcept" name="setup" time="0.000">
    <error message="
Parameter &#039;username&#039; is required by BeforeTest on method setup but has not been marked @Optional or defined
in C:\Users\rakes\eclipse-workspace\SeleniumMarchBatch2021\src\test\resources\TestRunner\TestNG.xml" type="org.testng.TestNGException">
      <![CDATA[org.testng.TestNGException: 
Parameter 'username' is required by BeforeTest on method setup but has not been marked @Optional or defined
in C:\Users\rakes\eclipse-workspace\SeleniumMarchBatch2021\src\test\resources\TestRunner\TestNG.xml
at org.testng.internal.Parameters.createParams(Parameters.java:290)
at org.testng.internal.Parameters.createParametersForMethod(Parameters.java:359)
at org.testng.internal.Parameters.createParameters(Parameters.java:620)
at org.testng.internal.Parameters.createConfigurationParameters(Parameters.java:190)
at org.testng.internal.Invoker.invokeConfigurations(Invoker.java:209)
at org.testng.internal.Invoker.invokeConfigurations(Invoker.java:142)
at org.testng.TestRunner.beforeRun(TestRunner.java:529)
at org.testng.TestRunner.run(TestRunner.java:497)
at org.testng.SuiteRunner.runTest(SuiteRunner.java:455)
at org.testng.SuiteRunner.access$000(SuiteRunner.java:40)
at org.testng.SuiteRunner$SuiteWorker.run(SuiteRunner.java:489)
at org.testng.internal.thread.ThreadUtil$1.call(ThreadUtil.java:52)
at java.base/java.util.concurrent.FutureTask.run(FutureTask.java:264)
at java.base/java.util.concurrent.ThreadPoolExecutor.runWorker(ThreadPoolExecutor.java:1130)
at java.base/java.util.concurrent.ThreadPoolExecutor$Worker.run(ThreadPoolExecutor.java:630)
at java.base/java.lang.Thread.run(Thread.java:832)
]]>
    </error>
  </testcase> <!-- setup -->
</testsuite> <!-- TestNGSessions.DatProviderConcept -->
